<?xml version="1.0" encoding="UTF-8"?>
<testng-results ignored="0" total="2" passed="2" failed="0" skipped="0">
  <reporter-output>
  </reporter-output>
  <suite started-at="2024-10-24T21:03:52 IST" name="Default suite" finished-at="2024-10-24T21:03:52 IST" duration-ms="141">
    <groups>
    </groups>
    <test started-at="2024-10-24T21:03:52 IST" name="Default test" finished-at="2024-10-24T21:03:52 IST" duration-ms="141">
      <class name="Basic.TestNgNotationPractice">
        <test-method is-config="true" signature="beforeTest()[pri:0, instance:Basic.TestNgNotationPractice@62ddbd7e]" started-at="2024-10-24T21:03:52 IST" name="beforeTest" finished-at="2024-10-24T21:03:52 IST" duration-ms="19" status="PASS">
          <reporter-output>
          </reporter-output>
        </test-method> <!-- beforeTest -->
        <test-method is-config="true" signature="beforeClass()[pri:0, instance:Basic.TestNgNotationPractice@62ddbd7e]" started-at="2024-10-24T21:03:52 IST" name="beforeClass" finished-at="2024-10-24T21:03:52 IST" duration-ms="0" status="PASS">
          <reporter-output>
          </reporter-output>
        </test-method> <!-- beforeClass -->
        <test-method is-config="true" signature="beforeMethod()[pri:0, instance:Basic.TestNgNotationPractice@62ddbd7e]" started-at="2024-10-24T21:03:52 IST" name="beforeMethod" finished-at="2024-10-24T21:03:52 IST" duration-ms="2" status="PASS">
          <reporter-output>
          </reporter-output>
        </test-method> <!-- beforeMethod -->
        <test-method signature="test1()[pri:0, instance:Basic.TestNgNotationPractice@62ddbd7e]" started-at="2024-10-24T21:03:52 IST" name="test1" finished-at="2024-10-24T21:03:52 IST" duration-ms="13" status="PASS">
          <reporter-output>
          </reporter-output>
        </test-method> <!-- test1 -->
        <test-method is-config="true" signature="afterMethod()[pri:0, instance:Basic.TestNgNotationPractice@62ddbd7e]" started-at="2024-10-24T21:03:52 IST" name="afterMethod" finished-at="2024-10-24T21:03:52 IST" duration-ms="3" status="PASS">
          <reporter-output>
          </reporter-output>
        </test-method> <!-- afterMethod -->
        <test-method is-config="true" signature="beforeMethod()[pri:0, instance:Basic.TestNgNotationPractice@62ddbd7e]" started-at="2024-10-24T21:03:52 IST" name="beforeMethod" finished-at="2024-10-24T21:03:52 IST" duration-ms="2" status="PASS">
          <reporter-output>
          </reporter-output>
        </test-method> <!-- beforeMethod -->
        <test-method signature="test2()[pri:0, instance:Basic.TestNgNotationPractice@62ddbd7e]" started-at="2024-10-24T21:03:52 IST" name="test2" finished-at="2024-10-24T21:03:52 IST" duration-ms="4" status="PASS">
          <reporter-output>
          </reporter-output>
        </test-method> <!-- test2 -->
        <test-method is-config="true" signature="afterMethod()[pri:0, instance:Basic.TestNgNotationPractice@62ddbd7e]" started-at="2024-10-24T21:03:52 IST" name="afterMethod" finished-at="2024-10-24T21:03:52 IST" duration-ms="0" status="PASS">
          <reporter-output>
          </reporter-output>
        </test-method> <!-- afterMethod -->
        <test-method is-config="true" signature="afterClass()[pri:0, instance:Basic.TestNgNotationPractice@62ddbd7e]" started-at="2024-10-24T21:03:52 IST" name="afterClass" finished-at="2024-10-24T21:03:52 IST" duration-ms="1" status="PASS">
          <reporter-output>
          </reporter-output>
        </test-method> <!-- afterClass -->
        <test-method is-config="true" signature="AfterTest()[pri:0, instance:Basic.TestNgNotationPractice@62ddbd7e]" started-at="2024-10-24T21:03:52 IST" name="AfterTest" finished-at="2024-10-24T21:03:52 IST" duration-ms="1" status="PASS">
          <reporter-output>
          </reporter-output>
        </test-method> <!-- AfterTest -->
      </class> <!-- Basic.TestNgNotationPractice -->
    </test> <!-- Default test -->
  </suite> <!-- Default suite -->
</testng-results>
